<?xml version="1.0" encoding="UTF-8"?>
<testsuite xmlns:xsi="http://www.w3.org/2001/XMLSchema-instance" xsi:noNamespaceSchemaLocation="https://maven.apache.org/surefire/maven-surefire-plugin/xsd/surefire-test-report-3.0.xsd" version="3.0" name="com.fiap.pedido.infrastructure.persistence.OrderItensRepositoryTest" time="0.008" tests="4" errors="0" skipped="0" failures="0">
  <properties>
[...]
</properties>
  <testcase name="devePermitirDeletarOrderItem" classname="com.fiap.pedido.infrastructure.persistence.OrderItensRepositoryTest" time="0.001"/>
  <testcase name="devePermitirCriarOrderItem" classname="com.fiap.pedido.infrastructure.persistence.OrderItensRepositoryTest" time="0.001"/>
  <testcase name="devePermitirBuscarOrderItemPorId" classname="com.fiap.pedido.infrastructure.persistence.OrderItensRepositoryTest" time="0.001"/>
  <testcase name="devePermitirListaOrderItem" classname="com.fiap.pedido.infrastructure.persistence.OrderItensRepositoryTest" time="0.002"/>
</testsuite>